2020-07-22 12:29:11,713  DEBUG Games BackToGame()[JSON]
2020-07-22 12:29:11,713  DEBUG Games BackToGame()[JSON]
2020-07-22 12:29:11,803  DEBUG Games BackToGame()[JSON]
2020-07-22 12:29:13,126  DEBUG Games BackToGame()[JSON]
2020-07-22 12:29:20,977  DEBUG Games BackToGame()[JSON]
2020-07-22 12:29:20,978  DEBUG Games BackToGame()[JSON]
2020-07-22 12:29:21,237  DEBUG Project Create()
2020-07-22 12:29:29,014  DEBUG Projects CreateProject()
2020-07-22 12:29:33,450  DEBUG Project GetMyProjects()
2020-07-22 12:30:18,079  DEBUG Projects CreateProject()
2020-07-22 12:30:18,499  DEBUG Project GetMyProjects()
2020-07-22 12:30:26,900  DEBUG Projects CreateProject()
2020-07-22 12:30:27,297  DEBUG Project GetMyProjects()
2020-07-22 12:35:19,171  DEBUG Games BackToGame()[JSON]
2020-07-22 12:35:19,171  DEBUG Games BackToGame()[JSON]
2020-07-22 12:35:19,227  DEBUG Project Create()
2020-07-22 12:35:32,271  DEBUG Projects CreateProject()
2020-07-22 12:35:33,569  DEBUG Project GetMyProjects()
2020-07-22 12:35:39,583  DEBUG Projects CreateResource()
2020-07-22 12:35:39,609  DEBUG Projects CreateResource()
2020-07-22 12:35:51,405  DEBUG Projects CreateProject()
2020-07-22 12:35:51,994  DEBUG Project GetMyProjects()
2020-07-22 12:36:09,538  DEBUG Projects CreateResource()
2020-07-22 12:36:09,544  DEBUG Projects CreateResource()
2020-07-22 12:40:53,741  DEBUG Games BackToGame()[JSON]
2020-07-22 12:40:53,742  DEBUG Games BackToGame()[JSON]
2020-07-22 12:40:53,890  DEBUG Project Create()
2020-07-22 12:40:55,667  DEBUG Projects CreateProject()
2020-07-22 12:40:55,967  DEBUG Project GetMyProjects()
2020-07-22 12:41:03,451  DEBUG Projects CreateResource()
2020-07-22 12:41:03,487  DEBUG Projects CreateResource()
2020-07-22 12:41:05,192  DEBUG Projects CreateProject()
2020-07-22 12:41:05,520  DEBUG Project GetMyProjects()
2020-07-22 12:41:12,968  DEBUG Projects CreateResource()
2020-07-22 12:41:12,997  DEBUG Projects CreateResource()
2020-07-22 12:41:15,796  DEBUG Projects CreateProject()
2020-07-22 12:41:16,093  DEBUG Project GetMyProjects()
2020-07-22 12:47:06,497  DEBUG Games BackToGame()[JSON]
2020-07-22 12:47:06,497  DEBUG Games BackToGame()[JSON]
2020-07-22 12:47:06,611  DEBUG Project Create()
2020-07-22 12:47:08,179  DEBUG Projects CreateProject()
2020-07-22 12:47:08,531  DEBUG Project GetMyProjects()
2020-07-22 12:47:22,964  DEBUG Projects CreateProject()
2020-07-22 12:47:23,376  DEBUG Project GetMyProjects()
2020-07-22 12:47:30,375  DEBUG Projects CreateProject()
2020-07-22 12:47:30,665  DEBUG Project GetMyProjects()
2020-07-22 12:47:35,435  DEBUG Projects CreateResource()
2020-07-22 12:47:35,473  DEBUG Projects CreateResource()
2020-07-22 12:47:39,248  DEBUG Projects CreateProject()
2020-07-22 12:47:39,538  DEBUG Project GetMyProjects()
2020-07-22 12:47:47,324  DEBUG Projects CreateResource()
2020-07-22 12:47:47,374  DEBUG Projects CreateResource()
2020-07-22 12:49:16,187  DEBUG Projects CreateProject()
2020-07-22 12:49:16,468  DEBUG Project GetMyProjects()
2020-07-22 12:51:18,633  DEBUG Project Create()
2020-07-22 12:51:24,704  DEBUG Games BackToGame()[JSON]
2020-07-22 12:51:24,706  DEBUG Games BackToGame()[JSON]
2020-07-22 12:51:24,789  DEBUG Project Create()
2020-07-22 12:51:26,478  DEBUG Projects CreateProject()
2020-07-22 12:51:26,775  DEBUG Project GetMyProjects()
2020-07-22 12:51:34,196  DEBUG Projects CreateProject()
2020-07-22 12:51:34,434  DEBUG Project GetMyProjects()
2020-07-22 12:51:38,414  DEBUG Projects CreateResource()
2020-07-22 12:51:38,419  DEBUG Projects CreateResource()
2020-07-22 12:51:40,297  DEBUG Projects CreateProject()
2020-07-22 12:51:40,528  DEBUG Project GetMyProjects()
2020-07-22 13:01:04,340  DEBUG Projects CreateResource()
2020-07-22 13:01:04,376  DEBUG Projects CreateResource()
2020-07-22 13:06:06,147  DEBUG Projects CreateProject()
2020-07-22 13:06:06,548  DEBUG Project GetMyProjects()
2020-07-22 13:06:09,189  DEBUG Projects CreateResource()
2020-07-22 13:06:09,198  DEBUG Projects CreateResource()
2020-07-22 13:53:49,927  DEBUG Games BackToGame()[JSON]
2020-07-22 13:53:49,927  DEBUG Games BackToGame()[JSON]
2020-07-22 13:53:50,143  DEBUG Games BackToGame()[JSON]
2020-07-22 13:53:52,565  DEBUG Games BackToGame()[JSON]
2020-07-22 13:53:53,784  DEBUG Games BackToGame()[JSON]
2020-07-22 13:53:53,784  DEBUG Games BackToGame()[JSON]
2020-07-22 13:53:54,001  DEBUG Project Create()
2020-07-22 13:53:56,276  DEBUG Projects CreateProject()
2020-07-22 13:53:57,934  DEBUG Project GetMyProjects()
2020-07-22 13:54:02,763  DEBUG Projects CreateResource()
2020-07-22 13:54:02,763  DEBUG Projects CreateResource()
2020-07-22 13:54:06,474  DEBUG Projects CreateProject()
2020-07-22 13:54:06,806  DEBUG Project GetMyProjects()
2020-07-22 13:54:10,247  DEBUG Games BackToGame()[JSON]
2020-07-22 13:54:10,247  DEBUG Games BackToGame()[JSON]
2020-07-22 13:54:10,416  DEBUG Project Create()
2020-07-22 13:54:11,635  DEBUG Projects CreateProject()
2020-07-22 13:54:11,889  DEBUG Project GetMyProjects()
2020-07-22 13:54:16,364  DEBUG Projects CreateResource()
2020-07-22 13:54:16,364  DEBUG Projects CreateResource()
2020-07-22 13:54:18,455  DEBUG Projects CreateProject()
2020-07-22 13:54:18,693  DEBUG Project GetMyProjects()
2020-07-22 13:54:27,565  DEBUG Projects CreateResource()
2020-07-22 13:54:27,565  DEBUG Projects CreateResource()
2020-07-22 13:54:31,044  DEBUG Projects CreateProject()
2020-07-22 13:54:31,329  DEBUG Project GetMyProjects()
2020-07-22 14:02:14,384  DEBUG Games BackToGame()[JSON]
2020-07-22 14:02:14,437  DEBUG Games BackToGame()[JSON]
2020-07-22 14:02:14,553  DEBUG Project Create()
2020-07-22 14:02:15,688  DEBUG Projects CreateProject()
2020-07-22 14:02:17,007  DEBUG Project GetMyProjects()
2020-07-22 14:02:28,625  DEBUG Projects CreateProject()
2020-07-22 14:02:28,794  DEBUG Project GetMyProjects()
2020-07-22 14:02:39,555  DEBUG Projects CreateResource()
2020-07-22 14:02:39,571  DEBUG Projects CreateResource()
2020-07-22 14:02:41,731  DEBUG Projects CreateProject()
2020-07-22 14:02:41,962  DEBUG Project GetMyProjects()
2020-07-22 14:02:44,655  DEBUG Projects CreateResource()
2020-07-22 14:02:44,655  DEBUG Projects CreateResource()
2020-07-22 14:03:15,341  DEBUG Projects CreateResource()
2020-07-22 14:03:15,341  DEBUG Projects CreateResource()
2020-07-22 14:03:21,105  DEBUG Projects CreateProject()
2020-07-22 14:03:21,374  DEBUG Project GetMyProjects()
2020-07-22 14:06:51,505  DEBUG Games BackToGame()[JSON]
2020-07-22 14:06:51,505  DEBUG Games BackToGame()[JSON]
2020-07-22 14:06:51,775  DEBUG Project Create()
2020-07-22 14:06:51,775  DEBUG Project Create()
2020-07-22 14:06:53,950  DEBUG Projects CreateProject()
2020-07-22 14:06:54,267  DEBUG Project GetMyProjects()
2020-07-22 14:07:07,034  DEBUG Projects CreateResource()
2020-07-22 14:07:07,034  DEBUG Projects CreateResource()
2020-07-22 14:07:10,898  DEBUG Projects CreateProject()
2020-07-22 14:07:11,230  DEBUG Project GetMyProjects()
2020-07-22 14:08:35,077  DEBUG Projects CreateResource()
2020-07-22 14:08:35,563  DEBUG Projects CreateResource()
2020-07-22 14:08:40,477  DEBUG Games BackToGame()[JSON]
2020-07-22 14:08:40,477  DEBUG Games BackToGame()[JSON]
2020-07-22 14:08:40,646  DEBUG Project Create()
2020-07-22 14:08:42,135  DEBUG Projects CreateProject()
2020-07-22 14:08:42,313  DEBUG Project GetMyProjects()
2020-07-22 14:08:51,223  DEBUG Projects CreateResource()
2020-07-22 14:08:51,223  DEBUG Projects CreateResource()
2020-07-22 14:08:53,298  DEBUG Projects CreateProject()
2020-07-22 14:08:53,483  DEBUG Project GetMyProjects()
2020-07-22 14:09:53,715  DEBUG Games BackToGame()[JSON]
2020-07-22 14:09:53,715  DEBUG Games BackToGame()[JSON]
2020-07-22 14:09:53,931  DEBUG Project Create()
2020-07-22 14:09:55,367  DEBUG Projects CreateProject()
2020-07-22 14:09:55,598  DEBUG Project GetMyProjects()
2020-07-22 14:10:00,064  DEBUG Projects CreateProject()
2020-07-22 14:10:00,280  DEBUG Project GetMyProjects()
2020-07-22 14:10:08,134  DEBUG Projects CreateProject()
2020-07-22 14:10:08,334  DEBUG Project GetMyProjects()
2020-07-22 14:10:14,774  DEBUG Projects CreateProject()
2020-07-22 14:10:14,952  DEBUG Project GetMyProjects()
2020-07-22 14:10:17,898  DEBUG Projects CreateResource()
2020-07-22 14:10:17,898  DEBUG Projects CreateResource()
2020-07-22 14:10:19,566  DEBUG Projects CreateProject()
2020-07-22 14:10:19,751  DEBUG Project GetMyProjects()
2020-07-22 14:10:22,759  DEBUG Projects CreateResource()
2020-07-22 14:10:22,759  DEBUG Projects CreateResource()
2020-07-22 14:12:56,919  DEBUG Games BackToGame()[JSON]
2020-07-22 14:12:56,919  DEBUG Project Create()
2020-07-22 14:12:56,919  DEBUG Games BackToGame()[JSON]
2020-07-22 14:12:58,170  DEBUG Projects CreateProject()
2020-07-22 14:12:58,439  DEBUG Project GetMyProjects()
2020-07-22 14:13:02,150  DEBUG Projects CreateResource()
2020-07-22 14:13:02,150  DEBUG Projects CreateResource()
2020-07-22 14:13:04,071  DEBUG Projects CreateProject()
2020-07-22 14:13:04,240  DEBUG Project GetMyProjects()
2020-07-22 14:13:07,080  DEBUG Games BackToGame()[JSON]
2020-07-22 14:13:07,095  DEBUG Games BackToGame()[JSON]
2020-07-22 14:13:07,265  DEBUG Project Create()
2020-07-22 14:13:08,299  DEBUG Projects CreateProject()
2020-07-22 14:13:09,324  DEBUG Project GetMyProjects()
2020-07-22 14:13:12,896  DEBUG Projects CreateResource()
2020-07-22 14:13:12,896  DEBUG Projects CreateResource()
2020-07-22 14:13:13,413  DEBUG Projects CreateProject()
2020-07-22 14:13:13,583  DEBUG Project GetMyProjects()
2020-07-22 14:13:17,441  DEBUG Games BackToGame()[JSON]
2020-07-22 14:13:17,447  DEBUG Games BackToGame()[JSON]
2020-07-22 14:13:17,610  DEBUG Project Create()
2020-07-22 14:13:21,358  DEBUG Projects CreateProject()
2020-07-22 14:13:21,575  DEBUG Project GetMyProjects()
2020-07-22 14:13:27,391  DEBUG Projects CreateResource()
2020-07-22 14:13:27,391  DEBUG Projects CreateResource()
2020-07-22 14:14:48,084  DEBUG Games BackToGame()[JSON]
2020-07-22 14:14:48,084  DEBUG Games BackToGame()[JSON]
2020-07-22 14:14:48,207  DEBUG Project Create()
2020-07-22 14:14:50,275  DEBUG Projects CreateProject()
2020-07-22 14:14:50,529  DEBUG Project GetMyProjects()
2020-07-22 14:14:53,870  DEBUG Projects CreateResource()
2020-07-22 14:14:53,885  DEBUG Projects CreateResource()
2020-07-22 14:14:54,973  DEBUG Projects CreateProject()
2020-07-22 14:14:55,158  DEBUG Project GetMyProjects()
2020-07-22 14:14:59,015  DEBUG Projects CreateResource()
2020-07-22 14:14:59,015  DEBUG Projects CreateResource()
2020-07-22 14:16:18,813  DEBUG Games BackToGame()[JSON]
2020-07-22 14:16:18,813  DEBUG Games BackToGame()[JSON]
2020-07-22 14:16:18,967  DEBUG Project Create()
2020-07-22 14:16:20,348  DEBUG Projects CreateProject()
2020-07-22 14:16:20,602  DEBUG Project GetMyProjects()
2020-07-22 14:16:25,162  DEBUG Projects CreateResource()
2020-07-22 14:16:25,162  DEBUG Projects CreateResource()
2020-07-22 14:16:26,482  DEBUG Projects CreateProject()
2020-07-22 14:16:26,689  DEBUG Project GetMyProjects()
2020-07-22 14:44:18,677  DEBUG Games BackToGame()[JSON]
2020-07-22 14:44:18,678  DEBUG Games BackToGame()[JSON]
2020-07-22 14:44:18,826  DEBUG Project Create()
2020-07-22 14:45:29,170  DEBUG Projects CreateProject()
2020-07-22 14:45:30,973  DEBUG Project GetMyProjects()
2020-07-22 14:45:37,122  DEBUG Projects CreateProject()
2020-07-22 14:45:37,416  DEBUG Project GetMyProjects()
2020-07-22 14:45:39,878  DEBUG Projects CreateResource()
2020-07-22 14:45:39,886  DEBUG Projects CreateResource()
2020-07-22 14:45:41,384  DEBUG Projects CreateProject()
2020-07-22 14:45:41,597  DEBUG Project GetMyProjects()
2020-07-22 14:46:22,580  DEBUG Projects CreateResource()
2020-07-22 14:46:22,581  DEBUG Projects CreateResource()
2020-07-22 14:46:26,885  DEBUG Projects CreateProject()
2020-07-22 14:46:27,264  DEBUG Project GetMyProjects()
2020-07-22 14:46:31,452  DEBUG Projects CreateResource()
2020-07-22 14:46:31,456  DEBUG Projects CreateResource()
2020-07-22 14:46:35,335  DEBUG Projects CreateProject()
2020-07-22 14:46:35,816  DEBUG Project GetMyProjects()
2020-07-22 14:55:43,952  DEBUG Games BackToGame()[JSON]
2020-07-22 14:55:43,952  DEBUG Games BackToGame()[JSON]
2020-07-22 14:55:44,027  DEBUG Project Create()
2020-07-22 14:55:47,361  DEBUG Projects CreateProject()
2020-07-22 14:55:47,722  DEBUG Project GetMyProjects()
2020-07-22 14:55:55,662  DEBUG Projects CreateResource()
2020-07-22 14:55:55,670  DEBUG Projects CreateResource()
2020-07-22 14:55:59,245  DEBUG Projects CreateProject()
2020-07-22 14:55:59,588  DEBUG Project GetMyProjects()
2020-07-22 14:56:02,379  DEBUG Projects CreateResource()
2020-07-22 14:56:02,379  DEBUG Projects CreateResource()
2020-07-22 14:56:07,323  DEBUG Projects CreateProject()
2020-07-22 14:56:07,950  DEBUG Project GetMyProjects()
2020-07-22 15:10:39,086  DEBUG Games BackToGame()[JSON]
2020-07-22 15:10:39,086  DEBUG Games BackToGame()[JSON]
2020-07-22 15:10:39,150  DEBUG Project Create()
2020-07-22 15:10:39,409  DEBUG Project Create()
2020-07-22 15:18:14,104  DEBUG Projects CreateProject()
2020-07-22 15:18:14,432  DEBUG Project GetMyProjects()
2020-07-22 15:18:18,973  DEBUG Projects CreateResource()
2020-07-22 15:18:18,981  DEBUG Projects CreateResource()
2020-07-22 15:18:21,669  DEBUG Projects CreateProject()
2020-07-22 15:18:21,932  DEBUG Project GetMyProjects()
2020-07-22 15:18:24,163  DEBUG Projects CreateResource()
2020-07-22 15:18:24,170  DEBUG Projects CreateResource()
2020-07-22 15:18:26,913  DEBUG Projects CreateProject()
2020-07-22 15:18:27,156  DEBUG Project GetMyProjects()
2020-07-22 15:28:49,122  DEBUG Games BackToGame()[JSON]
2020-07-22 15:28:49,122  DEBUG Games BackToGame()[JSON]
2020-07-22 15:28:49,226  DEBUG Project Create()
2020-07-22 15:28:49,226  DEBUG Project Create()
2020-07-22 15:28:50,744  DEBUG Projects CreateProject()
2020-07-22 15:28:50,946  DEBUG Project GetMyProjects()
2020-07-22 15:29:07,051  DEBUG Projects CreateResource()
2020-07-22 15:29:07,051  DEBUG Projects CreateResource()
2020-07-22 15:29:09,502  DEBUG Projects CreateProject()
2020-07-22 15:29:09,851  DEBUG Project GetMyProjects()
2020-07-22 15:30:54,828  DEBUG Games BackToGame()[JSON]
2020-07-22 15:30:54,828  DEBUG Games BackToGame()[JSON]
2020-07-22 15:30:54,977  DEBUG Project Create()
2020-07-22 15:30:57,063  DEBUG Projects CreateProject()
2020-07-22 15:30:57,449  DEBUG Project GetMyProjects()
2020-07-22 15:31:01,871  DEBUG Projects CreateResource()
2020-07-22 15:31:01,880  DEBUG Projects CreateResource()
2020-07-22 15:31:04,514  DEBUG Projects CreateProject()
2020-07-22 15:31:04,778  DEBUG Project GetMyProjects()
2020-07-22 15:31:17,374  DEBUG Projects CreateResource()
2020-07-22 15:31:17,382  DEBUG Projects CreateResource()
2020-07-22 15:31:20,005  DEBUG Projects CreateProject()
2020-07-22 15:31:20,258  DEBUG Project GetMyProjects()
2020-07-22 15:31:29,802  DEBUG Projects CreateProject()
2020-07-22 15:31:30,068  DEBUG Project GetMyProjects()
2020-07-22 15:38:20,867  DEBUG Games BackToGame()[JSON]
2020-07-22 15:38:20,867  DEBUG Games BackToGame()[JSON]
2020-07-22 15:38:21,028  DEBUG Games BackToGame()[JSON]
2020-07-22 15:38:21,878  DEBUG Games BackToGame()[JSON]
2020-07-22 15:38:26,684  DEBUG Games BackToGame()[JSON]
2020-07-22 15:38:26,689  DEBUG Games BackToGame()[JSON]
2020-07-22 15:38:26,750  DEBUG Project Create()
2020-07-22 15:38:28,118  DEBUG Projects CreateProject()
2020-07-22 15:38:29,338  DEBUG Project GetMyProjects()
2020-07-22 15:38:32,515  DEBUG Project Create()
2020-07-22 15:38:32,548  DEBUG Projects CreateResource()
2020-07-22 15:38:32,549  DEBUG Projects CreateResource()
2020-07-22 15:38:34,546  DEBUG Projects CreateProject()
2020-07-22 15:38:34,880  DEBUG Project GetMyProjects()
2020-07-22 16:07:36,651  DEBUG Games BackToGame()[JSON]
2020-07-22 16:07:36,652  DEBUG Games BackToGame()[JSON]
2020-07-22 16:07:36,715  DEBUG Project Create()
2020-07-22 16:07:36,715  DEBUG Project Create()
2020-07-22 16:23:36,452  DEBUG Projects CreateProject()
2020-07-22 16:23:37,259  DEBUG Project GetMyProjects()
2020-07-22 16:23:40,061  DEBUG Projects CreateResource()
2020-07-22 16:23:40,072  DEBUG Projects CreateResource()
2020-07-22 16:23:42,492  DEBUG Projects CreateProject()
2020-07-22 16:23:42,754  DEBUG Project GetMyProjects()
2020-07-22 17:42:02,321  DEBUG Games BackToGame()[JSON]
2020-07-22 17:42:02,339  DEBUG Games BackToGame()[JSON]
2020-07-22 17:42:02,547  DEBUG Project Create()
2020-07-22 17:42:02,548  DEBUG Project Create()
2020-07-22 17:42:06,286  DEBUG Projects CreateProject()
2020-07-22 17:42:34,473  DEBUG Project GetMyProjects()
2020-07-22 17:42:55,274  DEBUG Projects CreateResource()
2020-07-22 17:42:55,274  DEBUG Projects CreateResource()
2020-07-22 17:43:01,606  DEBUG Projects CreateProject()
2020-07-22 17:43:02,196  DEBUG Project GetMyProjects()
2020-07-22 17:43:10,271  DEBUG Projects CreateResource()
2020-07-22 17:43:10,275  DEBUG Projects CreateResource()
2020-07-22 17:45:51,017  DEBUG Project Create()
2020-07-22 17:46:03,384  DEBUG Games BackToGame()[JSON]
2020-07-22 17:46:03,389  DEBUG Games BackToGame()[JSON]
2020-07-22 17:46:03,444  DEBUG Project Create()
2020-07-22 17:46:03,446  DEBUG Project Create()
2020-07-22 17:46:05,044  DEBUG Projects CreateProject()
2020-07-22 17:46:05,351  DEBUG Project GetMyProjects()
2020-07-22 17:47:52,262  DEBUG Games BackToGame()[JSON]
2020-07-22 17:47:52,262  DEBUG Games BackToGame()[JSON]
2020-07-22 17:47:52,334  DEBUG Project Create()
2020-07-22 17:47:52,334  DEBUG Project Create()
2020-07-22 17:47:54,856  DEBUG Projects CreateProject()
2020-07-22 17:47:55,198  DEBUG Project GetMyProjects()
2020-07-22 17:48:05,362  DEBUG Projects CreateResource()
2020-07-22 17:48:05,364  DEBUG Projects CreateResource()
2020-07-22 17:48:13,338  DEBUG Projects CreateProject()
2020-07-22 17:48:13,640  DEBUG Project GetMyProjects()
2020-07-22 17:48:16,664  DEBUG Projects CreateResource()
2020-07-22 17:48:16,667  DEBUG Projects CreateResource()
2020-07-22 17:48:30,731  DEBUG Projects CreateProject()
2020-07-22 17:48:31,053  DEBUG Project GetMyProjects()
2020-07-22 17:48:42,316  DEBUG Projects CreateProject()
2020-07-22 17:48:42,652  DEBUG Project GetMyProjects()
2020-07-22 17:48:53,408  DEBUG Projects CreateResource()
2020-07-22 17:48:53,418  DEBUG Projects CreateResource()
2020-07-22 18:03:25,703  DEBUG Games BackToGame()[JSON]
2020-07-22 18:03:25,703  DEBUG Games BackToGame()[JSON]
2020-07-22 18:03:25,932  DEBUG Project Create()
2020-07-22 18:03:25,934  DEBUG Project Create()
2020-07-22 18:03:28,643  DEBUG Projects CreateProject()
2020-07-22 18:03:28,960  DEBUG Project GetMyProjects()
2020-07-22 18:03:33,147  DEBUG Projects CreateResource()
2020-07-22 18:03:33,165  DEBUG Projects CreateResource()
2020-07-22 18:05:07,167  DEBUG Games BackToGame()[JSON]
2020-07-22 18:05:07,167  DEBUG Games BackToGame()[JSON]
2020-07-22 18:05:07,277  DEBUG Project Create()
2020-07-22 18:05:07,280  DEBUG Project Create()
2020-07-22 18:05:09,476  DEBUG Projects CreateProject()
2020-07-22 18:05:09,833  DEBUG Project GetMyProjects()
2020-07-22 18:05:13,761  DEBUG Projects CreateResource()
2020-07-22 18:05:13,771  DEBUG Projects CreateResource()
2020-07-22 18:22:38,247  DEBUG Games BackToGame()[JSON]
2020-07-22 18:22:38,247  DEBUG Games BackToGame()[JSON]
2020-07-22 18:22:38,368  DEBUG Project Create()
2020-07-22 18:22:38,368  DEBUG Project Create()
2020-07-22 18:22:41,048  DEBUG Projects CreateProject()
2020-07-22 18:22:41,248  DEBUG Project GetMyProjects()
2020-07-22 18:22:44,601  DEBUG Projects CreateResource()
2020-07-22 18:22:44,605  DEBUG Projects CreateResource()
2020-07-22 18:30:49,300  DEBUG Projects CreateProject()
2020-07-22 18:30:49,695  DEBUG Project GetMyProjects()
2020-07-22 18:31:20,733  DEBUG Projects CreateResource()
2020-07-22 18:31:20,738  DEBUG Projects CreateResource()
